<?xml version="1.0" encoding="UTF-8"?>
<testsuite name="Firefox"
           tests="3"
           failures="0"
           errors="0"
           skipped="0"
           time="1.623">
  <properties />
  
  
            <testcase name="TC_02" time="0.712" classname="saucedemo.TC_01_Sort_Asc_Desc" />
                <testcase name="TC_03" time="0.115" classname="saucedemo.TC_01_Sort_Asc_Desc" />
                <testcase name="TC_01" time="0.796" classname="saucedemo.TC_01_Sort_Asc_Desc" />
      
</testsuite>
